file exists
Last saved commit is: 843e94c02872ab1a72d8340ae764a018813b9bbb
Latest commit SHA from GitHub: 3f9eb8d532a10e9dcbf852c90d29c168d6366a50
Email sent: 250 2.0.0 OK  1748987946 e9e14a558f8ab-3dda4bc498bsm18473805ab.42 - gsmtp
file exists
Last saved commit is: 3f9eb8d532a10e9dcbf852c90d29c168d6366a50
Latest commit SHA from GitHub: 3f9eb8d532a10e9dcbf852c90d29c168d6366a50
file exists
Last saved commit is: 3f9eb8d532a10e9dcbf852c90d29c168d6366a50
Latest commit SHA from GitHub: f4d5033858e579c1797381779b264692fd1586fa
Email sent: 250 2.0.0 OK  1748988063 8926c6da1cb9f-4fdd7efc764sm2458008173.110 - gsmtp
file exists
Last saved commit is: f4d5033858e579c1797381779b264692fd1586fa
Latest commit SHA from GitHub: f4d5033858e579c1797381779b264692fd1586fa
file exists
Last saved commit is: f4d5033858e579c1797381779b264692fd1586fa
Latest commit SHA from GitHub: f4d5033858e579c1797381779b264692fd1586fa
file exists
Last saved commit is: f4d5033858e579c1797381779b264692fd1586fa
Latest commit SHA from GitHub: f4d5033858e579c1797381779b264692fd1586fa
file exists
Last saved commit is: f4d5033858e579c1797381779b264692fd1586fa
Latest commit SHA from GitHub: 067294c9f7bebbc757fc05a4eac68095f7607653
Email sent: 250 2.0.0 OK  1748988408 e9e14a558f8ab-3ddbe9eb2d6sm889595ab.54 - gsmtp
file exists
Last saved commit is: 067294c9f7bebbc757fc05a4eac68095f7607653
Latest commit SHA from GitHub: 067294c9f7bebbc757fc05a4eac68095f7607653
file exists
Last saved commit is: 067294c9f7bebbc757fc05a4eac68095f7607653
Latest commit SHA from GitHub: 067294c9f7bebbc757fc05a4eac68095f7607653
file exists
Last saved commit is: 067294c9f7bebbc757fc05a4eac68095f7607653
Latest commit SHA from GitHub: fa03ade2ce661e2335558cc48b2ff291a24aa5e1
Email sent: 250 2.0.0 OK  1748988543 ca18e2360f4ac-86cf5ea123csm250299539f.27 - gsmtp
file exists
Last saved commit is: fa03ade2ce661e2335558cc48b2ff291a24aa5e1
Latest commit SHA from GitHub: fa03ade2ce661e2335558cc48b2ff291a24aa5e1
file exists
Last saved commit is: fa03ade2ce661e2335558cc48b2ff291a24aa5e1
Latest commit SHA from GitHub: fa03ade2ce661e2335558cc48b2ff291a24aa5e1
file exists
Last saved commit is: fa03ade2ce661e2335558cc48b2ff291a24aa5e1
Latest commit SHA from GitHub: fa03ade2ce661e2335558cc48b2ff291a24aa5e1
file exists
Last saved commit is: fa03ade2ce661e2335558cc48b2ff291a24aa5e1
Latest commit SHA from GitHub: fa03ade2ce661e2335558cc48b2ff291a24aa5e1
file exists
Last saved commit is: fa03ade2ce661e2335558cc48b2ff291a24aa5e1
Latest commit SHA from GitHub: 153f1f893641ffd83524506211ad9c961f253b9e
Email sent: 250 2.0.0 OK  1748988842 8926c6da1cb9f-4fdd7f01b7esm2462954173.131 - gsmtp
file exists
Last saved commit is: 153f1f893641ffd83524506211ad9c961f253b9e
Latest commit SHA from GitHub: c781600f554f6966e7e0ffc5ca62dee35f144d37
Email sent: 250 2.0.0 OK  1748988904 ca18e2360f4ac-86cf5e51d99sm237935639f.7 - gsmtp
file exists
Last saved commit is: c781600f554f6966e7e0ffc5ca62dee35f144d37
Latest commit SHA from GitHub: c781600f554f6966e7e0ffc5ca62dee35f144d37
file exists
Last saved commit is: c781600f554f6966e7e0ffc5ca62dee35f144d37
Latest commit SHA from GitHub: 45badd6ee149b41d516c9260a72b7a0479d3b247
Email sent: 250 2.0.0 OK  1748989023 e9e14a558f8ab-3dd9359dca8sm28723495ab.48 - gsmtp
file exists
Last saved commit is: 45badd6ee149b41d516c9260a72b7a0479d3b247
Latest commit SHA from GitHub: 45badd6ee149b41d516c9260a72b7a0479d3b247
file exists
Last saved commit is: 45badd6ee149b41d516c9260a72b7a0479d3b247
Latest commit SHA from GitHub: 48e71e26c59636fa8b0911aa50249e0796458447
Email sent: 250 2.0.0 OK  1748989142 e9e14a558f8ab-3dd9359df99sm28507435ab.50 - gsmtp
file exists
Last saved commit is: 48e71e26c59636fa8b0911aa50249e0796458447
Latest commit SHA from GitHub: 48e71e26c59636fa8b0911aa50249e0796458447
file exists
Last saved commit is: 48e71e26c59636fa8b0911aa50249e0796458447
Latest commit SHA from GitHub: 077058cb77a437fe915bee2278b137e1a36e0ea4
Email sent: 250 2.0.0 OK  1748989262 8926c6da1cb9f-4fdd7e28e08sm2521068173.47 - gsmtp
file exists
Last saved commit is: 077058cb77a437fe915bee2278b137e1a36e0ea4
Latest commit SHA from GitHub: 077058cb77a437fe915bee2278b137e1a36e0ea4
file exists
Last saved commit is: 077058cb77a437fe915bee2278b137e1a36e0ea4
Latest commit SHA from GitHub: 077058cb77a437fe915bee2278b137e1a36e0ea4
file exists
Last saved commit is: 077058cb77a437fe915bee2278b137e1a36e0ea4
Latest commit SHA from GitHub: 077058cb77a437fe915bee2278b137e1a36e0ea4
file exists
Last saved commit is: 077058cb77a437fe915bee2278b137e1a36e0ea4
Latest commit SHA from GitHub: 077058cb77a437fe915bee2278b137e1a36e0ea4
file exists
Last saved commit is: 077058cb77a437fe915bee2278b137e1a36e0ea4
Latest commit SHA from GitHub: 077058cb77a437fe915bee2278b137e1a36e0ea4
file exists
Last saved commit is: 077058cb77a437fe915bee2278b137e1a36e0ea4
Latest commit SHA from GitHub: 077058cb77a437fe915bee2278b137e1a36e0ea4
file exists
Last saved commit is: 077058cb77a437fe915bee2278b137e1a36e0ea4
Latest commit SHA from GitHub: 077058cb77a437fe915bee2278b137e1a36e0ea4
file exists
Last saved commit is: 077058cb77a437fe915bee2278b137e1a36e0ea4
Latest commit SHA from GitHub: 077058cb77a437fe915bee2278b137e1a36e0ea4
file exists
Last saved commit is: 077058cb77a437fe915bee2278b137e1a36e0ea4
Latest commit SHA from GitHub: 077058cb77a437fe915bee2278b137e1a36e0ea4
file exists
Last saved commit is: 077058cb77a437fe915bee2278b137e1a36e0ea4
Latest commit SHA from GitHub: 077058cb77a437fe915bee2278b137e1a36e0ea4
file exists
Last saved commit is: 077058cb77a437fe915bee2278b137e1a36e0ea4
Latest commit SHA from GitHub: 077058cb77a437fe915bee2278b137e1a36e0ea4
file exists
Last saved commit is: 077058cb77a437fe915bee2278b137e1a36e0ea4
Latest commit SHA from GitHub: 077058cb77a437fe915bee2278b137e1a36e0ea4
file exists
Last saved commit is: 077058cb77a437fe915bee2278b137e1a36e0ea4
Latest commit SHA from GitHub: 077058cb77a437fe915bee2278b137e1a36e0ea4
file exists
Last saved commit is: 077058cb77a437fe915bee2278b137e1a36e0ea4
Latest commit SHA from GitHub: 077058cb77a437fe915bee2278b137e1a36e0ea4
file exists
Last saved commit is: 077058cb77a437fe915bee2278b137e1a36e0ea4
Latest commit SHA from GitHub: 077058cb77a437fe915bee2278b137e1a36e0ea4
file exists
Last saved commit is: 077058cb77a437fe915bee2278b137e1a36e0ea4
Latest commit SHA from GitHub: 077058cb77a437fe915bee2278b137e1a36e0ea4
file exists
Last saved commit is: 077058cb77a437fe915bee2278b137e1a36e0ea4
Latest commit SHA from GitHub: 077058cb77a437fe915bee2278b137e1a36e0ea4
file exists
Last saved commit is: 077058cb77a437fe915bee2278b137e1a36e0ea4
Latest commit SHA from GitHub: 077058cb77a437fe915bee2278b137e1a36e0ea4
file exists
Last saved commit is: 077058cb77a437fe915bee2278b137e1a36e0ea4
Latest commit SHA from GitHub: 077058cb77a437fe915bee2278b137e1a36e0ea4
file exists
Last saved commit is: 077058cb77a437fe915bee2278b137e1a36e0ea4
Latest commit SHA from GitHub: 077058cb77a437fe915bee2278b137e1a36e0ea4
file exists
Last saved commit is: 077058cb77a437fe915bee2278b137e1a36e0ea4
Latest commit SHA from GitHub: 077058cb77a437fe915bee2278b137e1a36e0ea4
file exists
Last saved commit is: 077058cb77a437fe915bee2278b137e1a36e0ea4
Latest commit SHA from GitHub: 077058cb77a437fe915bee2278b137e1a36e0ea4
file exists
Last saved commit is: 077058cb77a437fe915bee2278b137e1a36e0ea4
Latest commit SHA from GitHub: 077058cb77a437fe915bee2278b137e1a36e0ea4
file exists
Last saved commit is: 077058cb77a437fe915bee2278b137e1a36e0ea4
Latest commit SHA from GitHub: 077058cb77a437fe915bee2278b137e1a36e0ea4
file exists
Last saved commit is: 077058cb77a437fe915bee2278b137e1a36e0ea4
Latest commit SHA from GitHub: 077058cb77a437fe915bee2278b137e1a36e0ea4
file exists
Last saved commit is: 077058cb77a437fe915bee2278b137e1a36e0ea4
Latest commit SHA from GitHub: 077058cb77a437fe915bee2278b137e1a36e0ea4
file exists
Last saved commit is: 077058cb77a437fe915bee2278b137e1a36e0ea4
Latest commit SHA from GitHub: 077058cb77a437fe915bee2278b137e1a36e0ea4
file exists
Last saved commit is: 077058cb77a437fe915bee2278b137e1a36e0ea4
Latest commit SHA from GitHub: 077058cb77a437fe915bee2278b137e1a36e0ea4
file exists
Last saved commit is: 077058cb77a437fe915bee2278b137e1a36e0ea4
Latest commit SHA from GitHub: 077058cb77a437fe915bee2278b137e1a36e0ea4
file exists
Last saved commit is: 077058cb77a437fe915bee2278b137e1a36e0ea4
Latest commit SHA from GitHub: 077058cb77a437fe915bee2278b137e1a36e0ea4
file exists
Last saved commit is: 077058cb77a437fe915bee2278b137e1a36e0ea4
Latest commit SHA from GitHub: 077058cb77a437fe915bee2278b137e1a36e0ea4
file exists
Last saved commit is: 077058cb77a437fe915bee2278b137e1a36e0ea4
Latest commit SHA from GitHub: 077058cb77a437fe915bee2278b137e1a36e0ea4
file exists
Last saved commit is: 077058cb77a437fe915bee2278b137e1a36e0ea4
Latest commit SHA from GitHub: 077058cb77a437fe915bee2278b137e1a36e0ea4
file exists
Last saved commit is: 077058cb77a437fe915bee2278b137e1a36e0ea4
Latest commit SHA from GitHub: 077058cb77a437fe915bee2278b137e1a36e0ea4
file exists
Last saved commit is: 077058cb77a437fe915bee2278b137e1a36e0ea4
Latest commit SHA from GitHub: 077058cb77a437fe915bee2278b137e1a36e0ea4
file exists
Last saved commit is: 077058cb77a437fe915bee2278b137e1a36e0ea4
Latest commit SHA from GitHub: 077058cb77a437fe915bee2278b137e1a36e0ea4
file exists
Last saved commit is: 077058cb77a437fe915bee2278b137e1a36e0ea4
Latest commit SHA from GitHub: 077058cb77a437fe915bee2278b137e1a36e0ea4
file exists
Last saved commit is: 077058cb77a437fe915bee2278b137e1a36e0ea4
Latest commit SHA from GitHub: 077058cb77a437fe915bee2278b137e1a36e0ea4
file exists
Last saved commit is: 077058cb77a437fe915bee2278b137e1a36e0ea4
Latest commit SHA from GitHub: 077058cb77a437fe915bee2278b137e1a36e0ea4
file exists
Last saved commit is: 077058cb77a437fe915bee2278b137e1a36e0ea4
Latest commit SHA from GitHub: 077058cb77a437fe915bee2278b137e1a36e0ea4
file exists
Last saved commit is: 077058cb77a437fe915bee2278b137e1a36e0ea4
Latest commit SHA from GitHub: 077058cb77a437fe915bee2278b137e1a36e0ea4
file exists
Last saved commit is: 077058cb77a437fe915bee2278b137e1a36e0ea4
Latest commit SHA from GitHub: 077058cb77a437fe915bee2278b137e1a36e0ea4
file exists
Last saved commit is: 077058cb77a437fe915bee2278b137e1a36e0ea4
Latest commit SHA from GitHub: 077058cb77a437fe915bee2278b137e1a36e0ea4
file exists
Last saved commit is: 077058cb77a437fe915bee2278b137e1a36e0ea4
Latest commit SHA from GitHub: 077058cb77a437fe915bee2278b137e1a36e0ea4
file exists
Last saved commit is: 077058cb77a437fe915bee2278b137e1a36e0ea4
Latest commit SHA from GitHub: 077058cb77a437fe915bee2278b137e1a36e0ea4
file exists
Last saved commit is: 077058cb77a437fe915bee2278b137e1a36e0ea4
Latest commit SHA from GitHub: 077058cb77a437fe915bee2278b137e1a36e0ea4
file exists
Last saved commit is: 077058cb77a437fe915bee2278b137e1a36e0ea4
Latest commit SHA from GitHub: 077058cb77a437fe915bee2278b137e1a36e0ea4
file exists
Last saved commit is: 077058cb77a437fe915bee2278b137e1a36e0ea4
Latest commit SHA from GitHub: 077058cb77a437fe915bee2278b137e1a36e0ea4
file exists
Last saved commit is: 077058cb77a437fe915bee2278b137e1a36e0ea4
Latest commit SHA from GitHub: 077058cb77a437fe915bee2278b137e1a36e0ea4
file exists
Last saved commit is: 077058cb77a437fe915bee2278b137e1a36e0ea4
Latest commit SHA from GitHub: 077058cb77a437fe915bee2278b137e1a36e0ea4
file exists
Last saved commit is: 077058cb77a437fe915bee2278b137e1a36e0ea4
Latest commit SHA from GitHub: 077058cb77a437fe915bee2278b137e1a36e0ea4
file exists
Last saved commit is: 077058cb77a437fe915bee2278b137e1a36e0ea4
Latest commit SHA from GitHub: 077058cb77a437fe915bee2278b137e1a36e0ea4
file exists
Last saved commit is: 077058cb77a437fe915bee2278b137e1a36e0ea4
Latest commit SHA from GitHub: 077058cb77a437fe915bee2278b137e1a36e0ea4
file exists
Last saved commit is: 077058cb77a437fe915bee2278b137e1a36e0ea4
Latest commit SHA from GitHub: 077058cb77a437fe915bee2278b137e1a36e0ea4
file exists
Last saved commit is: 077058cb77a437fe915bee2278b137e1a36e0ea4
Latest commit SHA from GitHub: 077058cb77a437fe915bee2278b137e1a36e0ea4
file exists
Last saved commit is: 077058cb77a437fe915bee2278b137e1a36e0ea4
Latest commit SHA from GitHub: 077058cb77a437fe915bee2278b137e1a36e0ea4
file exists
Last saved commit is: 077058cb77a437fe915bee2278b137e1a36e0ea4
Latest commit SHA from GitHub: 077058cb77a437fe915bee2278b137e1a36e0ea4
file exists
Last saved commit is: 077058cb77a437fe915bee2278b137e1a36e0ea4
Latest commit SHA from GitHub: 077058cb77a437fe915bee2278b137e1a36e0ea4
file exists
Last saved commit is: 077058cb77a437fe915bee2278b137e1a36e0ea4
Latest commit SHA from GitHub: 077058cb77a437fe915bee2278b137e1a36e0ea4
file exists
Last saved commit is: 077058cb77a437fe915bee2278b137e1a36e0ea4
Latest commit SHA from GitHub: 077058cb77a437fe915bee2278b137e1a36e0ea4
file exists
Last saved commit is: 077058cb77a437fe915bee2278b137e1a36e0ea4
Latest commit SHA from GitHub: 077058cb77a437fe915bee2278b137e1a36e0ea4
file exists
Last saved commit is: 077058cb77a437fe915bee2278b137e1a36e0ea4
Error fetching latest commit: TypeError: Cannot read properties of undefined (reading 'sha')
    at fetchLatestCommit (/Users/leoeverroad/Documents/GitHub/email-cron-job/check.js:33:36)
    at process.processTicksAndRejections (node:internal/process/task_queues:105:5)
    at async main (/Users/leoeverroad/Documents/GitHub/email-cron-job/check.js:65:24)
Email sent: 250 2.0.0 OK  1749061862 e9e14a558f8ab-3ddc41707a1sm2035995ab.43 - gsmtp
file exists
Last saved commit is: 077058cb77a437fe915bee2278b137e1a36e0ea4
Error fetching latest commit: TypeError: Cannot read properties of undefined (reading 'sha')
    at fetchLatestCommit (/Users/leoeverroad/Documents/GitHub/email-cron-job/check.js:33:36)
    at process.processTicksAndRejections (node:internal/process/task_queues:105:5)
    at async main (/Users/leoeverroad/Documents/GitHub/email-cron-job/check.js:65:24)
Email sent: 250 2.0.0 OK  1749061921 8926c6da1cb9f-4fdd7ed8695sm2851207173.80 - gsmtp
file exists
Last saved commit is: 077058cb77a437fe915bee2278b137e1a36e0ea4
Error fetching latest commit: TypeError: Cannot read properties of undefined (reading 'sha')
    at fetchLatestCommit (/Users/leoeverroad/Documents/GitHub/email-cron-job/check.js:33:36)
    at process.processTicksAndRejections (node:internal/process/task_queues:105:5)
    at async main (/Users/leoeverroad/Documents/GitHub/email-cron-job/check.js:65:24)
Email sent: 250 2.0.0 OK  1749061982 8926c6da1cb9f-4fdd7f24bd1sm2897135173.139 - gsmtp
file exists
Last saved commit is: 077058cb77a437fe915bee2278b137e1a36e0ea4
Error fetching latest commit: TypeError: Cannot read properties of undefined (reading 'sha')
    at fetchLatestCommit (/Users/leoeverroad/Documents/GitHub/email-cron-job/check.js:33:36)
    at process.processTicksAndRejections (node:internal/process/task_queues:105:5)
    at async main (/Users/leoeverroad/Documents/GitHub/email-cron-job/check.js:65:24)
Email sent: 250 2.0.0 OK  1749062042 8926c6da1cb9f-4fdd7e280acsm2908243173.43 - gsmtp
file exists
Last saved commit is: 077058cb77a437fe915bee2278b137e1a36e0ea4
Error fetching latest commit: TypeError: Cannot read properties of undefined (reading 'sha')
    at fetchLatestCommit (/Users/leoeverroad/Documents/GitHub/email-cron-job/check.js:33:36)
    at process.processTicksAndRejections (node:internal/process/task_queues:105:5)
    at async main (/Users/leoeverroad/Documents/GitHub/email-cron-job/check.js:65:24)
Email sent: 250 2.0.0 OK  1749062101 e9e14a558f8ab-3ddbca03ba8sm7423695ab.59 - gsmtp
file exists
Last saved commit is: 077058cb77a437fe915bee2278b137e1a36e0ea4
Error fetching latest commit: TypeError: Cannot read properties of undefined (reading 'sha')
    at fetchLatestCommit (/Users/leoeverroad/Documents/GitHub/email-cron-job/check.js:33:36)
    at process.processTicksAndRejections (node:internal/process/task_queues:105:5)
    at async main (/Users/leoeverroad/Documents/GitHub/email-cron-job/check.js:65:24)
Email sent: 250 2.0.0 OK  1749062162 e9e14a558f8ab-3dd93535841sm33229145ab.4 - gsmtp
file exists
Last saved commit is: 077058cb77a437fe915bee2278b137e1a36e0ea4
Error fetching latest commit: TypeError: Cannot read properties of undefined (reading 'sha')
    at fetchLatestCommit (/Users/leoeverroad/Documents/GitHub/email-cron-job/check.js:33:36)
    at process.processTicksAndRejections (node:internal/process/task_queues:105:5)
    at async main (/Users/leoeverroad/Documents/GitHub/email-cron-job/check.js:65:24)
Email sent: 250 2.0.0 OK  1749062222 e9e14a558f8ab-3ddc528be66sm1120065ab.48 - gsmtp
file exists
Last saved commit is: 077058cb77a437fe915bee2278b137e1a36e0ea4
Error fetching latest commit: TypeError: Cannot read properties of undefined (reading 'sha')
    at fetchLatestCommit (/Users/leoeverroad/Documents/GitHub/email-cron-job/check.js:33:36)
    at process.processTicksAndRejections (node:internal/process/task_queues:105:5)
    at async main (/Users/leoeverroad/Documents/GitHub/email-cron-job/check.js:65:24)
Email sent: 250 2.0.0 OK  1749062283 8926c6da1cb9f-4fdda407f33sm2745301173.85 - gsmtp
file exists
Last saved commit is: 077058cb77a437fe915bee2278b137e1a36e0ea4
Error fetching latest commit: TypeError: Cannot read properties of undefined (reading 'sha')
    at fetchLatestCommit (/Users/leoeverroad/Documents/GitHub/email-cron-job/check.js:33:36)
    at process.processTicksAndRejections (node:internal/process/task_queues:105:5)
    at async main (/Users/leoeverroad/Documents/GitHub/email-cron-job/check.js:65:24)
Email sent: 250 2.0.0 OK  1749062341 8926c6da1cb9f-4fdd7e280acsm2910322173.43 - gsmtp
file exists
Last saved commit is: 077058cb77a437fe915bee2278b137e1a36e0ea4
Error fetching latest commit: TypeError: Cannot read properties of undefined (reading 'sha')
    at fetchLatestCommit (/Users/leoeverroad/Documents/GitHub/email-cron-job/check.js:33:36)
    at process.processTicksAndRejections (node:internal/process/task_queues:105:5)
    at async main (/Users/leoeverroad/Documents/GitHub/email-cron-job/check.js:65:24)
Email sent: 250 2.0.0 OK  1749062402 8926c6da1cb9f-4fdd7dfe53dsm2923494173.15 - gsmtp
file exists
Last saved commit is: 077058cb77a437fe915bee2278b137e1a36e0ea4
Error fetching latest commit: TypeError: Cannot read properties of undefined (reading 'sha')
    at fetchLatestCommit (/Users/leoeverroad/Documents/GitHub/email-cron-job/check.js:33:36)
    at process.processTicksAndRejections (node:internal/process/task_queues:105:5)
    at async main (/Users/leoeverroad/Documents/GitHub/email-cron-job/check.js:65:24)
Email sent: 250 2.0.0 OK  1749062462 ca18e2360f4ac-86cf5e4fee3sm281337639f.10 - gsmtp
file exists
Last saved commit is: 077058cb77a437fe915bee2278b137e1a36e0ea4
Error fetching latest commit: TypeError: Cannot read properties of undefined (reading 'sha')
    at fetchLatestCommit (/Users/leoeverroad/Documents/GitHub/email-cron-job/check.js:33:36)
    at process.processTicksAndRejections (node:internal/process/task_queues:105:5)
    at async main (/Users/leoeverroad/Documents/GitHub/email-cron-job/check.js:65:24)
Email sent: 250 2.0.0 OK  1749062522 e9e14a558f8ab-3ddba9850a2sm8449135ab.49 - gsmtp
file exists
Last saved commit is: 077058cb77a437fe915bee2278b137e1a36e0ea4
Latest commit SHA from GitHub: 077058cb77a437fe915bee2278b137e1a36e0ea4
file exists
Last saved commit is: 077058cb77a437fe915bee2278b137e1a36e0ea4
Latest commit SHA from GitHub: 077058cb77a437fe915bee2278b137e1a36e0ea4
file exists
Last saved commit is: 077058cb77a437fe915bee2278b137e1a36e0ea4
Latest commit SHA from GitHub: 077058cb77a437fe915bee2278b137e1a36e0ea4
file exists
Last saved commit is: 077058cb77a437fe915bee2278b137e1a36e0ea4
Latest commit SHA from GitHub: 077058cb77a437fe915bee2278b137e1a36e0ea4
file exists
Last saved commit is: 077058cb77a437fe915bee2278b137e1a36e0ea4
Latest commit SHA from GitHub: 077058cb77a437fe915bee2278b137e1a36e0ea4
file exists
Last saved commit is: 077058cb77a437fe915bee2278b137e1a36e0ea4
Latest commit SHA from GitHub: 077058cb77a437fe915bee2278b137e1a36e0ea4
file exists
Last saved commit is: 077058cb77a437fe915bee2278b137e1a36e0ea4
Latest commit SHA from GitHub: 077058cb77a437fe915bee2278b137e1a36e0ea4
file exists
Last saved commit is: 077058cb77a437fe915bee2278b137e1a36e0ea4
Latest commit SHA from GitHub: 077058cb77a437fe915bee2278b137e1a36e0ea4
file exists
Last saved commit is: 077058cb77a437fe915bee2278b137e1a36e0ea4
Latest commit SHA from GitHub: 077058cb77a437fe915bee2278b137e1a36e0ea4
file exists
Last saved commit is: 077058cb77a437fe915bee2278b137e1a36e0ea4
Latest commit SHA from GitHub: 077058cb77a437fe915bee2278b137e1a36e0ea4
file exists
Last saved commit is: 077058cb77a437fe915bee2278b137e1a36e0ea4
Latest commit SHA from GitHub: 077058cb77a437fe915bee2278b137e1a36e0ea4
file exists
Last saved commit is: 077058cb77a437fe915bee2278b137e1a36e0ea4
Latest commit SHA from GitHub: 077058cb77a437fe915bee2278b137e1a36e0ea4
file exists
Last saved commit is: 077058cb77a437fe915bee2278b137e1a36e0ea4
Latest commit SHA from GitHub: 077058cb77a437fe915bee2278b137e1a36e0ea4
file exists
Last saved commit is: 077058cb77a437fe915bee2278b137e1a36e0ea4
Latest commit SHA from GitHub: 077058cb77a437fe915bee2278b137e1a36e0ea4
file exists
Last saved commit is: 077058cb77a437fe915bee2278b137e1a36e0ea4
Latest commit SHA from GitHub: 077058cb77a437fe915bee2278b137e1a36e0ea4
file exists
Last saved commit is: 077058cb77a437fe915bee2278b137e1a36e0ea4
Latest commit SHA from GitHub: 077058cb77a437fe915bee2278b137e1a36e0ea4
file exists
Last saved commit is: 077058cb77a437fe915bee2278b137e1a36e0ea4
Latest commit SHA from GitHub: 077058cb77a437fe915bee2278b137e1a36e0ea4
file exists
Last saved commit is: 077058cb77a437fe915bee2278b137e1a36e0ea4
Latest commit SHA from GitHub: 077058cb77a437fe915bee2278b137e1a36e0ea4
file exists
Last saved commit is: 077058cb77a437fe915bee2278b137e1a36e0ea4
Latest commit SHA from GitHub: 077058cb77a437fe915bee2278b137e1a36e0ea4
file exists
Last saved commit is: 077058cb77a437fe915bee2278b137e1a36e0ea4
Latest commit SHA from GitHub: 077058cb77a437fe915bee2278b137e1a36e0ea4
file exists
Last saved commit is: 077058cb77a437fe915bee2278b137e1a36e0ea4
Latest commit SHA from GitHub: 077058cb77a437fe915bee2278b137e1a36e0ea4
file exists
Last saved commit is: 077058cb77a437fe915bee2278b137e1a36e0ea4
Latest commit SHA from GitHub: 077058cb77a437fe915bee2278b137e1a36e0ea4
file exists
Last saved commit is: 077058cb77a437fe915bee2278b137e1a36e0ea4
Latest commit SHA from GitHub: 077058cb77a437fe915bee2278b137e1a36e0ea4
file exists
Last saved commit is: 077058cb77a437fe915bee2278b137e1a36e0ea4
Latest commit SHA from GitHub: 077058cb77a437fe915bee2278b137e1a36e0ea4
file exists
Last saved commit is: 077058cb77a437fe915bee2278b137e1a36e0ea4
Latest commit SHA from GitHub: 077058cb77a437fe915bee2278b137e1a36e0ea4
file exists
Last saved commit is: 077058cb77a437fe915bee2278b137e1a36e0ea4
Latest commit SHA from GitHub: 077058cb77a437fe915bee2278b137e1a36e0ea4
file exists
Last saved commit is: 077058cb77a437fe915bee2278b137e1a36e0ea4
Latest commit SHA from GitHub: 077058cb77a437fe915bee2278b137e1a36e0ea4
file exists
Last saved commit is: 077058cb77a437fe915bee2278b137e1a36e0ea4
Latest commit SHA from GitHub: 077058cb77a437fe915bee2278b137e1a36e0ea4
file exists
Last saved commit is: 077058cb77a437fe915bee2278b137e1a36e0ea4
Latest commit SHA from GitHub: 077058cb77a437fe915bee2278b137e1a36e0ea4
file exists
Last saved commit is: 077058cb77a437fe915bee2278b137e1a36e0ea4
Latest commit SHA from GitHub: 077058cb77a437fe915bee2278b137e1a36e0ea4
file exists
Last saved commit is: 077058cb77a437fe915bee2278b137e1a36e0ea4
Latest commit SHA from GitHub: 077058cb77a437fe915bee2278b137e1a36e0ea4
file exists
Last saved commit is: 077058cb77a437fe915bee2278b137e1a36e0ea4
Latest commit SHA from GitHub: 077058cb77a437fe915bee2278b137e1a36e0ea4
file exists
Last saved commit is: 077058cb77a437fe915bee2278b137e1a36e0ea4
Latest commit SHA from GitHub: 077058cb77a437fe915bee2278b137e1a36e0ea4
file exists
Last saved commit is: 077058cb77a437fe915bee2278b137e1a36e0ea4
Latest commit SHA from GitHub: 077058cb77a437fe915bee2278b137e1a36e0ea4
file exists
Last saved commit is: 077058cb77a437fe915bee2278b137e1a36e0ea4
Latest commit SHA from GitHub: 077058cb77a437fe915bee2278b137e1a36e0ea4
file exists
Last saved commit is: 077058cb77a437fe915bee2278b137e1a36e0ea4
Latest commit SHA from GitHub: 077058cb77a437fe915bee2278b137e1a36e0ea4
file exists
Last saved commit is: 077058cb77a437fe915bee2278b137e1a36e0ea4
Latest commit SHA from GitHub: 077058cb77a437fe915bee2278b137e1a36e0ea4
file exists
Last saved commit is: 077058cb77a437fe915bee2278b137e1a36e0ea4
Latest commit SHA from GitHub: 077058cb77a437fe915bee2278b137e1a36e0ea4
file exists
Last saved commit is: 077058cb77a437fe915bee2278b137e1a36e0ea4
Latest commit SHA from GitHub: 077058cb77a437fe915bee2278b137e1a36e0ea4
file exists
Last saved commit is: 077058cb77a437fe915bee2278b137e1a36e0ea4
Latest commit SHA from GitHub: 077058cb77a437fe915bee2278b137e1a36e0ea4
file exists
Last saved commit is: 077058cb77a437fe915bee2278b137e1a36e0ea4
Latest commit SHA from GitHub: 077058cb77a437fe915bee2278b137e1a36e0ea4
file exists
Last saved commit is: 077058cb77a437fe915bee2278b137e1a36e0ea4
Latest commit SHA from GitHub: 077058cb77a437fe915bee2278b137e1a36e0ea4
file exists
Last saved commit is: 077058cb77a437fe915bee2278b137e1a36e0ea4
Latest commit SHA from GitHub: 077058cb77a437fe915bee2278b137e1a36e0ea4
file exists
Last saved commit is: 077058cb77a437fe915bee2278b137e1a36e0ea4
Latest commit SHA from GitHub: 077058cb77a437fe915bee2278b137e1a36e0ea4
file exists
Last saved commit is: 077058cb77a437fe915bee2278b137e1a36e0ea4
Latest commit SHA from GitHub: 077058cb77a437fe915bee2278b137e1a36e0ea4
file exists
Last saved commit is: 077058cb77a437fe915bee2278b137e1a36e0ea4
Latest commit SHA from GitHub: 077058cb77a437fe915bee2278b137e1a36e0ea4
file exists
Last saved commit is: 077058cb77a437fe915bee2278b137e1a36e0ea4
Latest commit SHA from GitHub: 077058cb77a437fe915bee2278b137e1a36e0ea4
file exists
Last saved commit is: 077058cb77a437fe915bee2278b137e1a36e0ea4
Latest commit SHA from GitHub: 077058cb77a437fe915bee2278b137e1a36e0ea4
file exists
Last saved commit is: 077058cb77a437fe915bee2278b137e1a36e0ea4
Latest commit SHA from GitHub: 077058cb77a437fe915bee2278b137e1a36e0ea4
file exists
Last saved commit is: 077058cb77a437fe915bee2278b137e1a36e0ea4
Latest commit SHA from GitHub: 077058cb77a437fe915bee2278b137e1a36e0ea4
file exists
Last saved commit is: 077058cb77a437fe915bee2278b137e1a36e0ea4
Error fetching latest commit: TypeError: Cannot read properties of undefined (reading 'sha')
    at fetchLatestCommit (/Users/leoeverroad/Documents/GitHub/email-cron-job/check.js:33:36)
    at process.processTicksAndRejections (node:internal/process/task_queues:105:5)
    at async main (/Users/leoeverroad/Documents/GitHub/email-cron-job/check.js:65:24)
Email sent: 250 2.0.0 OK  1749065764 ca18e2360f4ac-86cf5fdc4d8sm280253739f.36 - gsmtp
file exists
Last saved commit is: 077058cb77a437fe915bee2278b137e1a36e0ea4
Error fetching latest commit: TypeError: Cannot read properties of undefined (reading 'sha')
    at fetchLatestCommit (/Users/leoeverroad/Documents/GitHub/email-cron-job/check.js:33:36)
    at process.processTicksAndRejections (node:internal/process/task_queues:105:5)
    at async main (/Users/leoeverroad/Documents/GitHub/email-cron-job/check.js:65:24)
Email sent: 250 2.0.0 OK  1749065823 e9e14a558f8ab-3ddc143e34bsm3770215ab.32 - gsmtp
file exists
Last saved commit is: 077058cb77a437fe915bee2278b137e1a36e0ea4
Error fetching latest commit: TypeError: Cannot read properties of undefined (reading 'sha')
    at fetchLatestCommit (/Users/leoeverroad/Documents/GitHub/email-cron-job/check.js:33:36)
    at process.processTicksAndRejections (node:internal/process/task_queues:105:5)
    at async main (/Users/leoeverroad/Documents/GitHub/email-cron-job/check.js:65:24)
Email sent: 250 2.0.0 OK  1749065881 8926c6da1cb9f-4fdd7e280d3sm2899812173.40 - gsmtp
file exists
Last saved commit is: 077058cb77a437fe915bee2278b137e1a36e0ea4
Error fetching latest commit: TypeError: Cannot read properties of undefined (reading 'sha')
    at fetchLatestCommit (/Users/leoeverroad/Documents/GitHub/email-cron-job/check.js:33:36)
    at process.processTicksAndRejections (node:internal/process/task_queues:105:5)
    at async main (/Users/leoeverroad/Documents/GitHub/email-cron-job/check.js:65:24)
Email sent: 250 2.0.0 OK  1749065942 e9e14a558f8ab-3ddc528be66sm1397195ab.48 - gsmtp
file exists
Last saved commit is: 077058cb77a437fe915bee2278b137e1a36e0ea4
Error fetching latest commit: TypeError: Cannot read properties of undefined (reading 'sha')
    at fetchLatestCommit (/Users/leoeverroad/Documents/GitHub/email-cron-job/check.js:33:36)
    at process.processTicksAndRejections (node:internal/process/task_queues:105:5)
    at async main (/Users/leoeverroad/Documents/GitHub/email-cron-job/check.js:65:24)
Email sent: 250 2.0.0 OK  1749066002 e9e14a558f8ab-3dd935a7ad0sm34451635ab.66 - gsmtp
file exists
Last saved commit is: 077058cb77a437fe915bee2278b137e1a36e0ea4
Error fetching latest commit: TypeError: Cannot read properties of undefined (reading 'sha')
    at fetchLatestCommit (/Users/leoeverroad/Documents/GitHub/email-cron-job/check.js:33:36)
    at process.processTicksAndRejections (node:internal/process/task_queues:105:5)
    at async main (/Users/leoeverroad/Documents/GitHub/email-cron-job/check.js:65:24)
Email sent: 250 2.0.0 OK  1749066062 e9e14a558f8ab-3dd935a7aa4sm34267125ab.71 - gsmtp
file exists
Last saved commit is: 077058cb77a437fe915bee2278b137e1a36e0ea4
Error fetching latest commit: TypeError: Cannot read properties of undefined (reading 'sha')
    at fetchLatestCommit (/Users/leoeverroad/Documents/GitHub/email-cron-job/check.js:33:36)
    at process.processTicksAndRejections (node:internal/process/task_queues:105:5)
    at async main (/Users/leoeverroad/Documents/GitHub/email-cron-job/check.js:65:24)
Email sent: 250 2.0.0 OK  1749066122 e9e14a558f8ab-3ddc4a0251esm1886065ab.68 - gsmtp
file exists
Last saved commit is: 077058cb77a437fe915bee2278b137e1a36e0ea4
Error fetching latest commit: TypeError: Cannot read properties of undefined (reading 'sha')
    at fetchLatestCommit (/Users/leoeverroad/Documents/GitHub/email-cron-job/check.js:33:36)
    at process.processTicksAndRejections (node:internal/process/task_queues:105:5)
    at async main (/Users/leoeverroad/Documents/GitHub/email-cron-job/check.js:65:24)
Email sent: 250 2.0.0 OK  1749066181 e9e14a558f8ab-3ddc3f32145sm2444565ab.34 - gsmtp
file exists
Last saved commit is: 077058cb77a437fe915bee2278b137e1a36e0ea4
Latest commit SHA from GitHub: 077058cb77a437fe915bee2278b137e1a36e0ea4
file exists
Last saved commit is: 077058cb77a437fe915bee2278b137e1a36e0ea4
Latest commit SHA from GitHub: 077058cb77a437fe915bee2278b137e1a36e0ea4
file exists
Last saved commit is: 077058cb77a437fe915bee2278b137e1a36e0ea4
Latest commit SHA from GitHub: 077058cb77a437fe915bee2278b137e1a36e0ea4
file exists
Last saved commit is: 077058cb77a437fe915bee2278b137e1a36e0ea4
Latest commit SHA from GitHub: 077058cb77a437fe915bee2278b137e1a36e0ea4
file exists
Last saved commit is: 077058cb77a437fe915bee2278b137e1a36e0ea4
Latest commit SHA from GitHub: 077058cb77a437fe915bee2278b137e1a36e0ea4
file exists
Last saved commit is: 077058cb77a437fe915bee2278b137e1a36e0ea4
Latest commit SHA from GitHub: 077058cb77a437fe915bee2278b137e1a36e0ea4
file exists
Last saved commit is: 077058cb77a437fe915bee2278b137e1a36e0ea4
Latest commit SHA from GitHub: 077058cb77a437fe915bee2278b137e1a36e0ea4
file exists
Last saved commit is: 077058cb77a437fe915bee2278b137e1a36e0ea4
Latest commit SHA from GitHub: 077058cb77a437fe915bee2278b137e1a36e0ea4
file exists
Last saved commit is: 077058cb77a437fe915bee2278b137e1a36e0ea4
Latest commit SHA from GitHub: 077058cb77a437fe915bee2278b137e1a36e0ea4
file exists
Last saved commit is: 077058cb77a437fe915bee2278b137e1a36e0ea4
Latest commit SHA from GitHub: 077058cb77a437fe915bee2278b137e1a36e0ea4
file exists
Last saved commit is: 077058cb77a437fe915bee2278b137e1a36e0ea4
Latest commit SHA from GitHub: 077058cb77a437fe915bee2278b137e1a36e0ea4
file exists
Last saved commit is: 077058cb77a437fe915bee2278b137e1a36e0ea4
Latest commit SHA from GitHub: 077058cb77a437fe915bee2278b137e1a36e0ea4
file exists
Last saved commit is: 077058cb77a437fe915bee2278b137e1a36e0ea4
Latest commit SHA from GitHub: 077058cb77a437fe915bee2278b137e1a36e0ea4
file exists
Last saved commit is: 077058cb77a437fe915bee2278b137e1a36e0ea4
Latest commit SHA from GitHub: 077058cb77a437fe915bee2278b137e1a36e0ea4
file exists
Last saved commit is: 077058cb77a437fe915bee2278b137e1a36e0ea4
Latest commit SHA from GitHub: 077058cb77a437fe915bee2278b137e1a36e0ea4
file exists
Last saved commit is: 077058cb77a437fe915bee2278b137e1a36e0ea4
Latest commit SHA from GitHub: 077058cb77a437fe915bee2278b137e1a36e0ea4
file exists
Last saved commit is: 077058cb77a437fe915bee2278b137e1a36e0ea4
Latest commit SHA from GitHub: 077058cb77a437fe915bee2278b137e1a36e0ea4
file exists
Last saved commit is: 077058cb77a437fe915bee2278b137e1a36e0ea4
Latest commit SHA from GitHub: 077058cb77a437fe915bee2278b137e1a36e0ea4
file exists
Last saved commit is: 077058cb77a437fe915bee2278b137e1a36e0ea4
Latest commit SHA from GitHub: 077058cb77a437fe915bee2278b137e1a36e0ea4
file exists
Last saved commit is: 077058cb77a437fe915bee2278b137e1a36e0ea4
Latest commit SHA from GitHub: 077058cb77a437fe915bee2278b137e1a36e0ea4
file exists
Last saved commit is: 077058cb77a437fe915bee2278b137e1a36e0ea4
Latest commit SHA from GitHub: 077058cb77a437fe915bee2278b137e1a36e0ea4
file exists
Last saved commit is: 077058cb77a437fe915bee2278b137e1a36e0ea4
Latest commit SHA from GitHub: 077058cb77a437fe915bee2278b137e1a36e0ea4
file exists
Last saved commit is: 077058cb77a437fe915bee2278b137e1a36e0ea4
Latest commit SHA from GitHub: 077058cb77a437fe915bee2278b137e1a36e0ea4
file exists
Last saved commit is: 077058cb77a437fe915bee2278b137e1a36e0ea4
Latest commit SHA from GitHub: 077058cb77a437fe915bee2278b137e1a36e0ea4
file exists
Last saved commit is: 077058cb77a437fe915bee2278b137e1a36e0ea4
Latest commit SHA from GitHub: 077058cb77a437fe915bee2278b137e1a36e0ea4
file exists
Last saved commit is: 077058cb77a437fe915bee2278b137e1a36e0ea4
Latest commit SHA from GitHub: 077058cb77a437fe915bee2278b137e1a36e0ea4
file exists
Last saved commit is: 077058cb77a437fe915bee2278b137e1a36e0ea4
Latest commit SHA from GitHub: 077058cb77a437fe915bee2278b137e1a36e0ea4
file exists
Last saved commit is: 077058cb77a437fe915bee2278b137e1a36e0ea4
Latest commit SHA from GitHub: 077058cb77a437fe915bee2278b137e1a36e0ea4
file exists
Last saved commit is: 077058cb77a437fe915bee2278b137e1a36e0ea4
Latest commit SHA from GitHub: 077058cb77a437fe915bee2278b137e1a36e0ea4
file exists
Last saved commit is: 077058cb77a437fe915bee2278b137e1a36e0ea4
Latest commit SHA from GitHub: 077058cb77a437fe915bee2278b137e1a36e0ea4
file exists
Last saved commit is: 077058cb77a437fe915bee2278b137e1a36e0ea4
Latest commit SHA from GitHub: 077058cb77a437fe915bee2278b137e1a36e0ea4
file exists
Last saved commit is: 077058cb77a437fe915bee2278b137e1a36e0ea4
Latest commit SHA from GitHub: 077058cb77a437fe915bee2278b137e1a36e0ea4
file exists
Last saved commit is: 077058cb77a437fe915bee2278b137e1a36e0ea4
Latest commit SHA from GitHub: 077058cb77a437fe915bee2278b137e1a36e0ea4
file exists
Last saved commit is: 077058cb77a437fe915bee2278b137e1a36e0ea4
Latest commit SHA from GitHub: 077058cb77a437fe915bee2278b137e1a36e0ea4
file exists
Last saved commit is: 077058cb77a437fe915bee2278b137e1a36e0ea4
Latest commit SHA from GitHub: 077058cb77a437fe915bee2278b137e1a36e0ea4
file exists
Last saved commit is: 077058cb77a437fe915bee2278b137e1a36e0ea4
Latest commit SHA from GitHub: 077058cb77a437fe915bee2278b137e1a36e0ea4
file exists
Last saved commit is: 077058cb77a437fe915bee2278b137e1a36e0ea4
Latest commit SHA from GitHub: 077058cb77a437fe915bee2278b137e1a36e0ea4
file exists
Last saved commit is: 077058cb77a437fe915bee2278b137e1a36e0ea4
file exists
Last saved commit is: 077058cb77a437fe915bee2278b137e1a36e0ea4
Latest commit SHA from GitHub: 077058cb77a437fe915bee2278b137e1a36e0ea4
Latest commit SHA from GitHub: 077058cb77a437fe915bee2278b137e1a36e0ea4
file exists
Last saved commit is: 077058cb77a437fe915bee2278b137e1a36e0ea4
Latest commit SHA from GitHub: 077058cb77a437fe915bee2278b137e1a36e0ea4
file exists
Last saved commit is: 077058cb77a437fe915bee2278b137e1a36e0ea4
Latest commit SHA from GitHub: 077058cb77a437fe915bee2278b137e1a36e0ea4
file exists
Last saved commit is: 077058cb77a437fe915bee2278b137e1a36e0ea4
Latest commit SHA from GitHub: 077058cb77a437fe915bee2278b137e1a36e0ea4
file exists
Last saved commit is: 077058cb77a437fe915bee2278b137e1a36e0ea4
Latest commit SHA from GitHub: 077058cb77a437fe915bee2278b137e1a36e0ea4
file exists
Last saved commit is: 077058cb77a437fe915bee2278b137e1a36e0ea4
Latest commit SHA from GitHub: 077058cb77a437fe915bee2278b137e1a36e0ea4
file exists
Last saved commit is: 077058cb77a437fe915bee2278b137e1a36e0ea4
Latest commit SHA from GitHub: 077058cb77a437fe915bee2278b137e1a36e0ea4
file exists
Last saved commit is: 077058cb77a437fe915bee2278b137e1a36e0ea4
Latest commit SHA from GitHub: 077058cb77a437fe915bee2278b137e1a36e0ea4
file exists
Last saved commit is: 077058cb77a437fe915bee2278b137e1a36e0ea4
Latest commit SHA from GitHub: 077058cb77a437fe915bee2278b137e1a36e0ea4
file exists
Last saved commit is: 077058cb77a437fe915bee2278b137e1a36e0ea4
Latest commit SHA from GitHub: 077058cb77a437fe915bee2278b137e1a36e0ea4
file exists
Last saved commit is: 077058cb77a437fe915bee2278b137e1a36e0ea4
Latest commit SHA from GitHub: 077058cb77a437fe915bee2278b137e1a36e0ea4
file exists
Last saved commit is: 077058cb77a437fe915bee2278b137e1a36e0ea4
Latest commit SHA from GitHub: 077058cb77a437fe915bee2278b137e1a36e0ea4
file exists
Last saved commit is: 077058cb77a437fe915bee2278b137e1a36e0ea4
Latest commit SHA from GitHub: 077058cb77a437fe915bee2278b137e1a36e0ea4
file exists
Last saved commit is: 077058cb77a437fe915bee2278b137e1a36e0ea4
Latest commit SHA from GitHub: 077058cb77a437fe915bee2278b137e1a36e0ea4
file exists
Last saved commit is: 077058cb77a437fe915bee2278b137e1a36e0ea4
Latest commit SHA from GitHub: 077058cb77a437fe915bee2278b137e1a36e0ea4
file exists
Last saved commit is: 077058cb77a437fe915bee2278b137e1a36e0ea4
Latest commit SHA from GitHub: 077058cb77a437fe915bee2278b137e1a36e0ea4
file exists
Last saved commit is: 077058cb77a437fe915bee2278b137e1a36e0ea4
Latest commit SHA from GitHub: 077058cb77a437fe915bee2278b137e1a36e0ea4
file exists
Last saved commit is: 077058cb77a437fe915bee2278b137e1a36e0ea4
Latest commit SHA from GitHub: 077058cb77a437fe915bee2278b137e1a36e0ea4
file exists
Last saved commit is: 077058cb77a437fe915bee2278b137e1a36e0ea4
Latest commit SHA from GitHub: 077058cb77a437fe915bee2278b137e1a36e0ea4
file exists
Last saved commit is: 077058cb77a437fe915bee2278b137e1a36e0ea4
Latest commit SHA from GitHub: 077058cb77a437fe915bee2278b137e1a36e0ea4
file exists
Last saved commit is: 077058cb77a437fe915bee2278b137e1a36e0ea4
Latest commit SHA from GitHub: 077058cb77a437fe915bee2278b137e1a36e0ea4
file exists
Last saved commit is: 077058cb77a437fe915bee2278b137e1a36e0ea4
Latest commit SHA from GitHub: 077058cb77a437fe915bee2278b137e1a36e0ea4
file exists
Last saved commit is: 077058cb77a437fe915bee2278b137e1a36e0ea4
Latest commit SHA from GitHub: 077058cb77a437fe915bee2278b137e1a36e0ea4
file exists
Last saved commit is: 077058cb77a437fe915bee2278b137e1a36e0ea4
Latest commit SHA from GitHub: 077058cb77a437fe915bee2278b137e1a36e0ea4
file exists
Last saved commit is: 077058cb77a437fe915bee2278b137e1a36e0ea4
Latest commit SHA from GitHub: 077058cb77a437fe915bee2278b137e1a36e0ea4
file exists
Last saved commit is: 077058cb77a437fe915bee2278b137e1a36e0ea4
Latest commit SHA from GitHub: 077058cb77a437fe915bee2278b137e1a36e0ea4
file exists
Last saved commit is: 077058cb77a437fe915bee2278b137e1a36e0ea4
Latest commit SHA from GitHub: 077058cb77a437fe915bee2278b137e1a36e0ea4
file exists
Last saved commit is: 077058cb77a437fe915bee2278b137e1a36e0ea4
Latest commit SHA from GitHub: 077058cb77a437fe915bee2278b137e1a36e0ea4
file exists
Last saved commit is: 077058cb77a437fe915bee2278b137e1a36e0ea4
Latest commit SHA from GitHub: 077058cb77a437fe915bee2278b137e1a36e0ea4
file exists
Last saved commit is: 077058cb77a437fe915bee2278b137e1a36e0ea4
Latest commit SHA from GitHub: 077058cb77a437fe915bee2278b137e1a36e0ea4
file exists
Last saved commit is: 077058cb77a437fe915bee2278b137e1a36e0ea4
Latest commit SHA from GitHub: 077058cb77a437fe915bee2278b137e1a36e0ea4
file exists
Last saved commit is: 077058cb77a437fe915bee2278b137e1a36e0ea4
Latest commit SHA from GitHub: 077058cb77a437fe915bee2278b137e1a36e0ea4
file exists
Last saved commit is: 077058cb77a437fe915bee2278b137e1a36e0ea4
Latest commit SHA from GitHub: 077058cb77a437fe915bee2278b137e1a36e0ea4
file exists
Last saved commit is: 077058cb77a437fe915bee2278b137e1a36e0ea4
Latest commit SHA from GitHub: 077058cb77a437fe915bee2278b137e1a36e0ea4
file exists
Last saved commit is: 077058cb77a437fe915bee2278b137e1a36e0ea4
Latest commit SHA from GitHub: 077058cb77a437fe915bee2278b137e1a36e0ea4
file exists
Last saved commit is: 077058cb77a437fe915bee2278b137e1a36e0ea4
Latest commit SHA from GitHub: 077058cb77a437fe915bee2278b137e1a36e0ea4
file exists
Last saved commit is: 077058cb77a437fe915bee2278b137e1a36e0ea4
Latest commit SHA from GitHub: 077058cb77a437fe915bee2278b137e1a36e0ea4
file exists
Last saved commit is: 077058cb77a437fe915bee2278b137e1a36e0ea4
Latest commit SHA from GitHub: 077058cb77a437fe915bee2278b137e1a36e0ea4
file exists
Last saved commit is: 077058cb77a437fe915bee2278b137e1a36e0ea4
Latest commit SHA from GitHub: 077058cb77a437fe915bee2278b137e1a36e0ea4
file exists
Last saved commit is: 077058cb77a437fe915bee2278b137e1a36e0ea4
Latest commit SHA from GitHub: 077058cb77a437fe915bee2278b137e1a36e0ea4
file exists
Last saved commit is: 077058cb77a437fe915bee2278b137e1a36e0ea4
Latest commit SHA from GitHub: 077058cb77a437fe915bee2278b137e1a36e0ea4
file exists
Last saved commit is: 077058cb77a437fe915bee2278b137e1a36e0ea4
Latest commit SHA from GitHub: 077058cb77a437fe915bee2278b137e1a36e0ea4
file exists
Last saved commit is: 077058cb77a437fe915bee2278b137e1a36e0ea4
Latest commit SHA from GitHub: 077058cb77a437fe915bee2278b137e1a36e0ea4
file exists
Last saved commit is: 077058cb77a437fe915bee2278b137e1a36e0ea4
Latest commit SHA from GitHub: 077058cb77a437fe915bee2278b137e1a36e0ea4
file exists
Last saved commit is: 077058cb77a437fe915bee2278b137e1a36e0ea4
Latest commit SHA from GitHub: 077058cb77a437fe915bee2278b137e1a36e0ea4
file exists
Last saved commit is: 077058cb77a437fe915bee2278b137e1a36e0ea4
Latest commit SHA from GitHub: 077058cb77a437fe915bee2278b137e1a36e0ea4
file exists
Last saved commit is: 077058cb77a437fe915bee2278b137e1a36e0ea4
Latest commit SHA from GitHub: 077058cb77a437fe915bee2278b137e1a36e0ea4
file exists
Last saved commit is: 077058cb77a437fe915bee2278b137e1a36e0ea4
Latest commit SHA from GitHub: 077058cb77a437fe915bee2278b137e1a36e0ea4
file exists
Last saved commit is: 077058cb77a437fe915bee2278b137e1a36e0ea4
Latest commit SHA from GitHub: 077058cb77a437fe915bee2278b137e1a36e0ea4
file exists
Last saved commit is: 077058cb77a437fe915bee2278b137e1a36e0ea4
Latest commit SHA from GitHub: 077058cb77a437fe915bee2278b137e1a36e0ea4
file exists
Last saved commit is: 077058cb77a437fe915bee2278b137e1a36e0ea4
Latest commit SHA from GitHub: 077058cb77a437fe915bee2278b137e1a36e0ea4
file exists
Last saved commit is: 077058cb77a437fe915bee2278b137e1a36e0ea4
Latest commit SHA from GitHub: 077058cb77a437fe915bee2278b137e1a36e0ea4
file exists
Last saved commit is: 077058cb77a437fe915bee2278b137e1a36e0ea4
Latest commit SHA from GitHub: 077058cb77a437fe915bee2278b137e1a36e0ea4
file exists
Last saved commit is: 077058cb77a437fe915bee2278b137e1a36e0ea4
Latest commit SHA from GitHub: 077058cb77a437fe915bee2278b137e1a36e0ea4
file exists
Last saved commit is: 077058cb77a437fe915bee2278b137e1a36e0ea4
Latest commit SHA from GitHub: 077058cb77a437fe915bee2278b137e1a36e0ea4
file exists
Last saved commit is: 077058cb77a437fe915bee2278b137e1a36e0ea4
Latest commit SHA from GitHub: 077058cb77a437fe915bee2278b137e1a36e0ea4
file exists
Last saved commit is: 077058cb77a437fe915bee2278b137e1a36e0ea4
Latest commit SHA from GitHub: 077058cb77a437fe915bee2278b137e1a36e0ea4
file exists
Last saved commit is: 077058cb77a437fe915bee2278b137e1a36e0ea4
Latest commit SHA from GitHub: 077058cb77a437fe915bee2278b137e1a36e0ea4
file exists
Last saved commit is: 077058cb77a437fe915bee2278b137e1a36e0ea4
Latest commit SHA from GitHub: 077058cb77a437fe915bee2278b137e1a36e0ea4
file exists
Last saved commit is: 077058cb77a437fe915bee2278b137e1a36e0ea4
Latest commit SHA from GitHub: 077058cb77a437fe915bee2278b137e1a36e0ea4
file exists
Last saved commit is: 077058cb77a437fe915bee2278b137e1a36e0ea4
Latest commit SHA from GitHub: 077058cb77a437fe915bee2278b137e1a36e0ea4
file exists
Last saved commit is: 077058cb77a437fe915bee2278b137e1a36e0ea4
Latest commit SHA from GitHub: 077058cb77a437fe915bee2278b137e1a36e0ea4
file exists
Last saved commit is: 077058cb77a437fe915bee2278b137e1a36e0ea4
Latest commit SHA from GitHub: 077058cb77a437fe915bee2278b137e1a36e0ea4
file exists
Last saved commit is: 077058cb77a437fe915bee2278b137e1a36e0ea4
Latest commit SHA from GitHub: 077058cb77a437fe915bee2278b137e1a36e0ea4
file exists
Last saved commit is: 077058cb77a437fe915bee2278b137e1a36e0ea4
Latest commit SHA from GitHub: 077058cb77a437fe915bee2278b137e1a36e0ea4
file exists
Last saved commit is: 077058cb77a437fe915bee2278b137e1a36e0ea4
Latest commit SHA from GitHub: 077058cb77a437fe915bee2278b137e1a36e0ea4
file exists
Last saved commit is: 077058cb77a437fe915bee2278b137e1a36e0ea4
Latest commit SHA from GitHub: 077058cb77a437fe915bee2278b137e1a36e0ea4
file exists
Last saved commit is: 077058cb77a437fe915bee2278b137e1a36e0ea4
Latest commit SHA from GitHub: 077058cb77a437fe915bee2278b137e1a36e0ea4
file exists
Last saved commit is: 077058cb77a437fe915bee2278b137e1a36e0ea4
Error fetching latest commit: FetchError: request to https://api.github.com/repos/Leoclimbes/Clicker-Game/commits failed, reason: read ECONNRESET
    at ClientRequest.<anonymous> (file:///Users/leoeverroad/Documents/GitHub/email-cron-job/node_modules/node-fetch/src/index.js:108:11)
    at ClientRequest.emit (node:events:518:28)
    at emitErrorEvent (node:_http_client:104:11)
    at TLSSocket.socketErrorListener (node:_http_client:518:5)
    at TLSSocket.emit (node:events:518:28)
    at emitErrorNT (node:internal/streams/destroy:170:8)
    at emitErrorCloseNT (node:internal/streams/destroy:129:3)
    at process.processTicksAndRejections (node:internal/process/task_queues:90:21) {
  type: 'system',
  errno: 'ECONNRESET',
  code: 'ECONNRESET',
  erroredSysCall: 'read'
}
Email sent: 250 2.0.0 OK  1749202652 e9e14a558f8ab-3ddcf1585bfsm2899635ab.30 - gsmtp
file exists
Last saved commit is: 077058cb77a437fe915bee2278b137e1a36e0ea4
Latest commit SHA from GitHub: 077058cb77a437fe915bee2278b137e1a36e0ea4
file exists
Last saved commit is: 077058cb77a437fe915bee2278b137e1a36e0ea4
Latest commit SHA from GitHub: 077058cb77a437fe915bee2278b137e1a36e0ea4
file exists
Last saved commit is: 077058cb77a437fe915bee2278b137e1a36e0ea4
Latest commit SHA from GitHub: 077058cb77a437fe915bee2278b137e1a36e0ea4
file exists
Last saved commit is: 077058cb77a437fe915bee2278b137e1a36e0ea4
Latest commit SHA from GitHub: 077058cb77a437fe915bee2278b137e1a36e0ea4
file exists
Last saved commit is: 077058cb77a437fe915bee2278b137e1a36e0ea4
Latest commit SHA from GitHub: 077058cb77a437fe915bee2278b137e1a36e0ea4
